<?xml version="1.0" encoding="UTF-8"?>
<!-- Generated by org.testng.reporters.JUnitReportReporter -->
<testsuite hostname="VTIPL-H-PC247-L" failures="0" tests="3" name="com.listenersoncall.tests.UserCreateNewAccountTest" time="63.020" errors="0" timestamp="2022-02-11T10:27:36 IST" skipped="0">
  <testcase classname="com.listenersoncall.tests.UserCreateNewAccountTest" name="verifyContinueAccountCreationFunctionality" time="13.854"/>
  <system-out>
    <![CDATA[CLICK ON CREATE ACCOUNT BUTTON, APPLICATION NAVIGATED TO CREATE ACCOUNT SCREEN.
Clicked On Close Button.
CAPTURE ALERT SCREEN SCREENSHOT
Clicked On 'Continue Account Creation' Button.
First Name Field Is Displayed
Application Navigated to 'Create Account' Screen]]>
  </system-out>
  <testcase classname="com.listenersoncall.tests.UserCreateNewAccountTest" name="verifyEndAccountCreationFunctionality" time="18.822"/>
  <system-out>
    <![CDATA[CLICK ON CREATE ACCOUNT BUTTON, APPLICATION NAVIGATED TO CREATE ACCOUNT SCREEN.
Clicked On Close Button.
Verified Alert Text, Actual Text=>Are you sure you want to end the account creation process? ,Expected Text=>Are you sure you want to end the account creation process?
Clicked On 'End Account Creation' Button.
Verfying LET'S TALK ABOUT Text, ACTUAL TEXT=>Let's talk about...
Application Navigated to Dashboard Screen]]>
  </system-out>
  <testcase classname="com.listenersoncall.tests.UserCreateNewAccountTest" name="verifyNewAccountCreationFunctionality" time="30.344"/>
  <system-out>
    <![CDATA[CLICK ON CREATE ACCOUNT BUTTON, APPLICATION NAVIGATED TO CREATE ACCOUNT SCREEN.
Value entered value in first name is=>John
Value entered in Last name is=>Milly
Value entered in Email is=>JohnMilly3289@mailinator.com
Value entered in PhoneNumber is=>4842634691
Selected GENDER Y=>male from GENDER Dropdown
Clicked On Selected Date.
Value entered in Date Of Birth Textbox=>2002-02-11
Selected TimeZone As=>US/Eastern from TIMEZONE Dropdown
Value entered in ZIPCODE is=>431638
Value entered in PASSWORD Textbox is=>Listeners1234
Value entered in CONFIRM PASSWORD Textbox is=>Listeners1234
Clicked on NEXT button
Clicked on TERMS ON CONDITIONS Radio Button
Clicked on GET STARTED Button
Verfying LET'S TALK ABOUT Text, ACTUAL TEXT=>Let's talk about...
CAPTURED DASHBOARD SCREENSHOT]]>
  </system-out>
</testsuite> <!-- com.listenersoncall.tests.UserCreateNewAccountTest -->
