<?xml version="1.0" encoding="UTF-8"?>
<!-- Generated by org.testng.reporters.JUnitReportReporter -->
<testsuite hostname="VTIPL-H-PC247-L" failures="0" tests="2" name="com.listenersoncall.tests.AdminLoginTest" time="22.031" errors="0" timestamp="2022-02-11T10:27:36 IST" skipped="0">
  <testcase classname="com.listenersoncall.tests.AdminLoginTest" name="verifyAdminLoginScreenUI" time="7.443"/>
  <system-out>
    <![CDATA[Verified 'USERNAME' Label, Actual Label=>Username
Verified 'PASSWORD' Label, Actual Label=>Password
Listeners Logo Is Displayed]]>
  </system-out>
  <testcase classname="com.listenersoncall.tests.AdminLoginTest" name="verifyAdminLoginFunctionality" time="14.588"/>
  <system-out>
    <![CDATA[Text Entered In UserName Field Is=>adi@listenersoncall.com
Text Entered In Password Field Is=>Adiloc
Clicked On SUBMIT Button.
DashBoard Screen
Clicked On 'LOG OUT' Button.]]>
  </system-out>
</testsuite> <!-- com.listenersoncall.tests.AdminLoginTest -->
