<?xml version="1.0" encoding="UTF-8"?>
<!-- Generated by org.testng.reporters.JUnitReportReporter -->
<testsuite hostname="VTIPL-H-PC247-L" failures="0" tests="2" name="com.listenersoncall.tests.LoginTest" time="48.509" errors="0" timestamp="2022-02-09T20:03:22 IST" skipped="0">
  <testcase classname="com.listenersoncall.tests.LoginTest" name="verifyLoginScreenFunctionality" time="40.088"/>
  <system-out>
    <![CDATA[CLICK ON SIGNIN BUTTON
Value Entered In Email Textbox=>JohnMilly.Test06@mailinator.com
Value Entered In PASSWORD Textbox=>Listeners@1234
Clicked On LOGIN Button.]]>
  </system-out>
  <testcase classname="com.listenersoncall.tests.LoginTest" name="verifyLoginScreenUI" time="8.421"/>
  <system-out>
    <![CDATA[CLICK ON SIGNIN BUTTON
LISTENERS LOGO PRESENT
VERFYING USERNAME LABEL, ACTUAL LABEL=>User Name
VERFYING PASSWORD LABEL, ACTUAL LABEL=>Password]]>
  </system-out>
</testsuite> <!-- com.listenersoncall.tests.LoginTest -->
