<?xml version="1.0" encoding="UTF-8"?>
<!-- Generated by org.testng.reporters.JUnitReportReporter -->
<testsuite hostname="VTIPL-H-PC247-L" failures="0" tests="1" name="com.listenersoncall.tests.DashboardScreenTest" time="16.787" errors="0" timestamp="2022-02-09T20:03:22 IST" skipped="0">
  <testcase classname="com.listenersoncall.tests.DashboardScreenTest" name="verifyDashboardScreenUIFunctionality" time="16.787"/>
  <system-out>
    <![CDATA[CLICK ON SIGNIN BUTTON
Value Entered In Email Textbox=>JohnMilly.Test06@mailinator.com
Value Entered In PASSWORD Textbox=>Listeners@1234
Clicked On LOGIN Button.
Verfying LET'S TALK ABOUT Text, ACTUAL TEXT=>Let's talk about...
Verfying LET'S TALK ABOUT-'MORE' Text, ACTUAL TEXT=>MORE
Verfying SUGGESTED LISTENERS Text, ACTUAL TEXT=>Suggested Listeners
Verfying SUGGESTED LISTENERS-'EXPLORE' Text, ACTUAL TEXT=>EXPLORE
Verfying MY RESOURCES Text, ACTUAL TEXT=>My Resources
Verfying MY RESOURCES-'MORE' Text, ACTUAL TEXT=>MORE
Verfying MY PROGRAM TEXT, ACTUAL Text=>My Program
Verfying MY PROGRAM-'VISIT' Text, ACTUAL TEXT=>VISIT
Records Displayed Uunder LETS TALK ABOUT Are=>4
Records Displayed Under SUGGESTED LISTENERS Are=>2
Records Displayed Under MY RESOURCES Are=>3
Records Displayed Under MY PROGRAM Are=>1
Verfying Following Side Menu Text, Actual Text==>Listeners ,Expected Text==>Listeners
Verfying Following Side Menu Text, Actual Text==>Experiences ,Expected Text==>Experiences
Verfying Following Side Menu Text, Actual Text==>Library ,Expected Text==>Library
Verfying Following Side Menu Text, Actual Text==>My Profile ,Expected Text==>My Profile
Verfying Following Side Menu Text, Actual Text==>My Preferences ,Expected Text==>My Preferences
Verfying Following Side Menu Text, Actual Text==>My Program ,Expected Text==>My Program
Verfying Following Side Menu Text, Actual Text==>Payment ,Expected Text==>Payment
Verfying Following Side Menu Text, Actual Text==>Resources ,Expected Text==>Resources
Verfying Following Side Menu Text, Actual Text==>Support ,Expected Text==>Support
Verfying Following Side Menu Text, Actual Text==>About ,Expected Text==>About]]>
  </system-out>
</testsuite> <!-- com.listenersoncall.tests.DashboardScreenTest -->
